Watching for file changes with StatReloader
[17/Jan/2026 10:14:28] "GET / HTTP/1.1" 200 21835
[17/Jan/2026 10:14:28] "GET /static/js/main.js HTTP/1.1" 200 3766
[17/Jan/2026 10:14:28] "GET /static/css/main.css HTTP/1.1" 200 1117
[17/Jan/2026 10:14:30] "GET /solutions HTTP/1.1" 301 0
[17/Jan/2026 10:14:30] "GET /solutions/ HTTP/1.1" 200 17676
[17/Jan/2026 10:14:30] "GET /lab HTTP/1.1" 301 0
[17/Jan/2026 10:14:30] "GET /lab/ HTTP/1.1" 200 15518
[17/Jan/2026 10:14:31] "GET /about HTTP/1.1" 301 0
[17/Jan/2026 10:14:31] "GET /about/ HTTP/1.1" 200 14441
[17/Jan/2026 10:14:31] "GET /connect HTTP/1.1" 301 0
[17/Jan/2026 10:14:31] "GET /connect/ HTTP/1.1" 200 14033
[17/Jan/2026 10:14:31] "GET / HTTP/1.1" 200 21835
[17/Jan/2026 10:14:33] "GET /build HTTP/1.1" 301 0
[17/Jan/2026 10:14:33] "GET /build/ HTTP/1.1" 200 11547
[17/Jan/2026 10:14:33] "GET /grid HTTP/1.1" 301 0
[17/Jan/2026 10:14:33] "GET /grid/ HTTP/1.1" 200 11546
[17/Jan/2026 10:14:33] "GET /core HTTP/1.1" 301 0
[17/Jan/2026 10:14:33] "GET /core/ HTTP/1.1" 200 11546
[17/Jan/2026 10:14:34] "GET /directory HTTP/1.1" 301 0
[17/Jan/2026 10:14:34] "GET /directory/ HTTP/1.1" 200 11551
[17/Jan/2026 10:14:34] "GET /the_vault HTTP/1.1" 301 0
[17/Jan/2026 10:14:34] "GET /the_vault/ HTTP/1.1" 200 11551
[17/Jan/2026 10:14:34] "GET /nodes HTTP/1.1" 301 0
[17/Jan/2026 10:14:34] "GET /nodes/ HTTP/1.1" 200 11547
